  main.cpp
C:\Users\wwwyu\OneDrive\المستندات\liberis\opencv\build\include\opencv2\core\mat.inl.hpp(482,5): warning C4566: character represented by universal-character-name '\u0627' cannot be represented in the current code page (1252)
C:\Users\wwwyu\OneDrive\المستندات\liberis\opencv\build\include\opencv2\core\mat.inl.hpp(482,5): warning C4566: character represented by universal-character-name '\u0644' cannot be represented in the current code page (1252)
C:\Users\wwwyu\OneDrive\المستندات\liberis\opencv\build\include\opencv2\core\mat.inl.hpp(482,5): warning C4566: character represented by universal-character-name '\u0645' cannot be represented in the current code page (1252)
C:\Users\wwwyu\OneDrive\المستندات\liberis\opencv\build\include\opencv2\core\mat.inl.hpp(482,5): warning C4566: character represented by universal-character-name '\u0633' cannot be represented in the current code page (1252)
C:\Users\wwwyu\OneDrive\المستندات\liberis\opencv\build\include\opencv2\core\mat.inl.hpp(482,5): warning C4566: character represented by universal-character-name '\u062A' cannot be represented in the current code page (1252)
C:\Users\wwwyu\OneDrive\المستندات\liberis\opencv\build\include\opencv2\core\mat.inl.hpp(482,5): warning C4566: character represented by universal-character-name '\u0646' cannot be represented in the current code page (1252)
C:\Users\wwwyu\OneDrive\المستندات\liberis\opencv\build\include\opencv2\core\mat.inl.hpp(482,5): warning C4566: character represented by universal-character-name '\u062F' cannot be represented in the current code page (1252)
C:\Users\wwwyu\OneDrive\المستندات\liberis\opencv\build\include\opencv2\core\mat.inl.hpp(493,5): warning C4566: character represented by universal-character-name '\u0627' cannot be represented in the current code page (1252)
C:\Users\wwwyu\OneDrive\المستندات\liberis\opencv\build\include\opencv2\core\mat.inl.hpp(493,5): warning C4566: character represented by universal-character-name '\u0644' cannot be represented in the current code page (1252)
C:\Users\wwwyu\OneDrive\المستندات\liberis\opencv\build\include\opencv2\core\mat.inl.hpp(493,5): warning C4566: character represented by universal-character-name '\u0645' cannot be represented in the current code page (1252)
C:\Users\wwwyu\OneDrive\المستندات\liberis\opencv\build\include\opencv2\core\mat.inl.hpp(493,5): warning C4566: character represented by universal-character-name '\u0633' cannot be represented in the current code page (1252)
C:\Users\wwwyu\OneDrive\المستندات\liberis\opencv\build\include\opencv2\core\mat.inl.hpp(493,5): warning C4566: character represented by universal-character-name '\u062A' cannot be represented in the current code page (1252)
C:\Users\wwwyu\OneDrive\المستندات\liberis\opencv\build\include\opencv2\core\mat.inl.hpp(493,5): warning C4566: character represented by universal-character-name '\u0646' cannot be represented in the current code page (1252)
C:\Users\wwwyu\OneDrive\المستندات\liberis\opencv\build\include\opencv2\core\mat.inl.hpp(493,5): warning C4566: character represented by universal-character-name '\u062F' cannot be represented in the current code page (1252)
C:\Users\wwwyu\OneDrive\المستندات\liberis\opencv\build\include\opencv2\core\mat.inl.hpp(494,5): warning C4566: character represented by universal-character-name '\u0627' cannot be represented in the current code page (1252)
C:\Users\wwwyu\OneDrive\المستندات\liberis\opencv\build\include\opencv2\core\mat.inl.hpp(494,5): warning C4566: character represented by universal-character-name '\u0644' cannot be represented in the current code page (1252)
C:\Users\wwwyu\OneDrive\المستندات\liberis\opencv\build\include\opencv2\core\mat.inl.hpp(494,5): warning C4566: character represented by universal-character-name '\u0645' cannot be represented in the current code page (1252)
C:\Users\wwwyu\OneDrive\المستندات\liberis\opencv\build\include\opencv2\core\mat.inl.hpp(494,5): warning C4566: character represented by universal-character-name '\u0633' cannot be represented in the current code page (1252)
C:\Users\wwwyu\OneDrive\المستندات\liberis\opencv\build\include\opencv2\core\mat.inl.hpp(494,5): warning C4566: character represented by universal-character-name '\u062A' cannot be represented in the current code page (1252)
C:\Users\wwwyu\OneDrive\المستندات\liberis\opencv\build\include\opencv2\core\mat.inl.hpp(494,5): warning C4566: character represented by universal-character-name '\u0646' cannot be represented in the current code page (1252)
C:\Users\wwwyu\OneDrive\المستندات\liberis\opencv\build\include\opencv2\core\mat.inl.hpp(494,5): warning C4566: character represented by universal-character-name '\u062F' cannot be represented in the current code page (1252)
C:\Users\wwwyu\OneDrive\المستندات\liberis\opencv\build\include\opencv2\core\mat.inl.hpp(1120,1): warning C4566: character represented by universal-character-name '\u0627' cannot be represented in the current code page (1252)
C:\Users\wwwyu\OneDrive\المستندات\liberis\opencv\build\include\opencv2\core\mat.inl.hpp(1120,1): warning C4566: character represented by universal-character-name '\u0644' cannot be represented in the current code page (1252)
C:\Users\wwwyu\OneDrive\المستندات\liberis\opencv\build\include\opencv2\core\mat.inl.hpp(1120,1): warning C4566: character represented by universal-character-name '\u0645' cannot be represented in the current code page (1252)
C:\Users\wwwyu\OneDrive\المستندات\liberis\opencv\build\include\opencv2\core\mat.inl.hpp(1120,1): warning C4566: character represented by universal-character-name '\u0633' cannot be represented in the current code page (1252)
C:\Users\wwwyu\OneDrive\المستندات\liberis\opencv\build\include\opencv2\core\mat.inl.hpp(1120,1): warning C4566: character represented by universal-character-name '\u062A' cannot be represented in the current code page (1252)
C:\Users\wwwyu\OneDrive\المستندات\liberis\opencv\build\include\opencv2\core\mat.inl.hpp(1120,1): warning C4566: character represented by universal-character-name '\u0646' cannot be represented in the current code page (1252)
C:\Users\wwwyu\OneDrive\المستندات\liberis\opencv\build\include\opencv2\core\mat.inl.hpp(1120,1): warning C4566: character represented by universal-character-name '\u062F' cannot be represented in the current code page (1252)
C:\Users\wwwyu\OneDrive\المستندات\liberis\opencv\build\include\opencv2\core\mat.inl.hpp(1133,5): warning C4566: character represented by universal-character-name '\u0627' cannot be represented in the current code page (1252)
C:\Users\wwwyu\OneDrive\المستندات\liberis\opencv\build\include\opencv2\core\mat.inl.hpp(1133,5): warning C4566: character represented by universal-character-name '\u0644' cannot be represented in the current code page (1252)
C:\Users\wwwyu\OneDrive\المستندات\liberis\opencv\build\include\opencv2\core\mat.inl.hpp(1133,5): warning C4566: character represented by universal-character-name '\u0645' cannot be represented in the current code page (1252)
C:\Users\wwwyu\OneDrive\المستندات\liberis\opencv\build\include\opencv2\core\mat.inl.hpp(1133,5): warning C4566: character represented by universal-character-name '\u0633' cannot be represented in the current code page (1252)
C:\Users\wwwyu\OneDrive\المستندات\liberis\opencv\build\include\opencv2\core\mat.inl.hpp(1133,5): warning C4566: character represented by universal-character-name '\u062A' cannot be represented in the current code page (1252)
C:\Users\wwwyu\OneDrive\المستندات\liberis\opencv\build\include\opencv2\core\mat.inl.hpp(1133,5): warning C4566: character represented by universal-character-name '\u0646' cannot be represented in the current code page (1252)
C:\Users\wwwyu\OneDrive\المستندات\liberis\opencv\build\include\opencv2\core\mat.inl.hpp(1133,5): warning C4566: character represented by universal-character-name '\u062F' cannot be represented in the current code page (1252)
C:\Users\wwwyu\OneDrive\المستندات\liberis\opencv\build\include\opencv2\core\mat.inl.hpp(1152,1): warning C4566: character represented by universal-character-name '\u0627' cannot be represented in the current code page (1252)
C:\Users\wwwyu\OneDrive\المستندات\liberis\opencv\build\include\opencv2\core\mat.inl.hpp(1152,1): warning C4566: character represented by universal-character-name '\u0644' cannot be represented in the current code page (1252)
C:\Users\wwwyu\OneDrive\المستندات\liberis\opencv\build\include\opencv2\core\mat.inl.hpp(1152,1): warning C4566: character represented by universal-character-name '\u0645' cannot be represented in the current code page (1252)
C:\Users\wwwyu\OneDrive\المستندات\liberis\opencv\build\include\opencv2\core\mat.inl.hpp(1152,1): warning C4566: character represented by universal-character-name '\u0633' cannot be represented in the current code page (1252)
C:\Users\wwwyu\OneDrive\المستندات\liberis\opencv\build\include\opencv2\core\mat.inl.hpp(1152,1): warning C4566: character represented by universal-character-name '\u062A' cannot be represented in the current code page (1252)
C:\Users\wwwyu\OneDrive\المستندات\liberis\opencv\build\include\opencv2\core\mat.inl.hpp(1152,1): warning C4566: character represented by universal-character-name '\u0646' cannot be represented in the current code page (1252)
C:\Users\wwwyu\OneDrive\المستندات\liberis\opencv\build\include\opencv2\core\mat.inl.hpp(1152,1): warning C4566: character represented by universal-character-name '\u062F' cannot be represented in the current code page (1252)
C:\Users\wwwyu\OneDrive\المستندات\liberis\opencv\build\include\opencv2\core\mat.inl.hpp(1368,5): warning C4566: character represented by universal-character-name '\u0627' cannot be represented in the current code page (1252)
C:\Users\wwwyu\OneDrive\المستندات\liberis\opencv\build\include\opencv2\core\mat.inl.hpp(1368,5): warning C4566: character represented by universal-character-name '\u0644' cannot be represented in the current code page (1252)
C:\Users\wwwyu\OneDrive\المستندات\liberis\opencv\build\include\opencv2\core\mat.inl.hpp(1368,5): warning C4566: character represented by universal-character-name '\u0645' cannot be represented in the current code page (1252)
C:\Users\wwwyu\OneDrive\المستندات\liberis\opencv\build\include\opencv2\core\mat.inl.hpp(1368,5): warning C4566: character represented by universal-character-name '\u0633' cannot be represented in the current code page (1252)
C:\Users\wwwyu\OneDrive\المستندات\liberis\opencv\build\include\opencv2\core\mat.inl.hpp(1368,5): warning C4566: character represented by universal-character-name '\u062A' cannot be represented in the current code page (1252)
C:\Users\wwwyu\OneDrive\المستندات\liberis\opencv\build\include\opencv2\core\mat.inl.hpp(1368,5): warning C4566: character represented by universal-character-name '\u0646' cannot be represented in the current code page (1252)
C:\Users\wwwyu\OneDrive\المستندات\liberis\opencv\build\include\opencv2\core\mat.inl.hpp(1368,5): warning C4566: character represented by universal-character-name '\u062F' cannot be represented in the current code page (1252)
C:\Users\wwwyu\OneDrive\المستندات\liberis\opencv\build\include\opencv2\core\mat.inl.hpp(1377,5): warning C4566: character represented by universal-character-name '\u0627' cannot be represented in the current code page (1252)
C:\Users\wwwyu\OneDrive\المستندات\liberis\opencv\build\include\opencv2\core\mat.inl.hpp(1377,5): warning C4566: character represented by universal-character-name '\u0644' cannot be represented in the current code page (1252)
C:\Users\wwwyu\OneDrive\المستندات\liberis\opencv\build\include\opencv2\core\mat.inl.hpp(1377,5): warning C4566: character represented by universal-character-name '\u0645' cannot be represented in the current code page (1252)
C:\Users\wwwyu\OneDrive\المستندات\liberis\opencv\build\include\opencv2\core\mat.inl.hpp(1377,5): warning C4566: character represented by universal-character-name '\u0633' cannot be represented in the current code page (1252)
C:\Users\wwwyu\OneDrive\المستندات\liberis\opencv\build\include\opencv2\core\mat.inl.hpp(1377,5): warning C4566: character represented by universal-character-name '\u062A' cannot be represented in the current code page (1252)
C:\Users\wwwyu\OneDrive\المستندات\liberis\opencv\build\include\opencv2\core\mat.inl.hpp(1377,5): warning C4566: character represented by universal-character-name '\u0646' cannot be represented in the current code page (1252)
C:\Users\wwwyu\OneDrive\المستندات\liberis\opencv\build\include\opencv2\core\mat.inl.hpp(1377,5): warning C4566: character represented by universal-character-name '\u062F' cannot be represented in the current code page (1252)
C:\Users\wwwyu\OneDrive\المستندات\liberis\opencv\build\include\opencv2\core\mat.inl.hpp(1386,5): warning C4566: character represented by universal-character-name '\u0627' cannot be represented in the current code page (1252)
C:\Users\wwwyu\OneDrive\المستندات\liberis\opencv\build\include\opencv2\core\mat.inl.hpp(1386,5): warning C4566: character represented by universal-character-name '\u0644' cannot be represented in the current code page (1252)
C:\Users\wwwyu\OneDrive\المستندات\liberis\opencv\build\include\opencv2\core\mat.inl.hpp(1386,5): warning C4566: character represented by universal-character-name '\u0645' cannot be represented in the current code page (1252)
C:\Users\wwwyu\OneDrive\المستندات\liberis\opencv\build\include\opencv2\core\mat.inl.hpp(1386,5): warning C4566: character represented by universal-character-name '\u0633' cannot be represented in the current code page (1252)
C:\Users\wwwyu\OneDrive\المستندات\liberis\opencv\build\include\opencv2\core\mat.inl.hpp(1386,5): warning C4566: character represented by universal-character-name '\u062A' cannot be represented in the current code page (1252)
C:\Users\wwwyu\OneDrive\المستندات\liberis\opencv\build\include\opencv2\core\mat.inl.hpp(1386,5): warning C4566: character represented by universal-character-name '\u0646' cannot be represented in the current code page (1252)
C:\Users\wwwyu\OneDrive\المستندات\liberis\opencv\build\include\opencv2\core\mat.inl.hpp(1386,5): warning C4566: character represented by universal-character-name '\u062F' cannot be represented in the current code page (1252)
C:\Users\wwwyu\OneDrive\المستندات\liberis\opencv\build\include\opencv2\core\mat.inl.hpp(1395,5): warning C4566: character represented by universal-character-name '\u0627' cannot be represented in the current code page (1252)
C:\Users\wwwyu\OneDrive\المستندات\liberis\opencv\build\include\opencv2\core\mat.inl.hpp(1395,5): warning C4566: character represented by universal-character-name '\u0644' cannot be represented in the current code page (1252)
C:\Users\wwwyu\OneDrive\المستندات\liberis\opencv\build\include\opencv2\core\mat.inl.hpp(1395,5): warning C4566: character represented by universal-character-name '\u0645' cannot be represented in the current code page (1252)
C:\Users\wwwyu\OneDrive\المستندات\liberis\opencv\build\include\opencv2\core\mat.inl.hpp(1395,5): warning C4566: character represented by universal-character-name '\u0633' cannot be represented in the current code page (1252)
C:\Users\wwwyu\OneDrive\المستندات\liberis\opencv\build\include\opencv2\core\mat.inl.hpp(1395,5): warning C4566: character represented by universal-character-name '\u062A' cannot be represented in the current code page (1252)
C:\Users\wwwyu\OneDrive\المستندات\liberis\opencv\build\include\opencv2\core\mat.inl.hpp(1395,5): warning C4566: character represented by universal-character-name '\u0646' cannot be represented in the current code page (1252)
C:\Users\wwwyu\OneDrive\المستندات\liberis\opencv\build\include\opencv2\core\mat.inl.hpp(1395,5): warning C4566: character represented by universal-character-name '\u062F' cannot be represented in the current code page (1252)
C:\Users\wwwyu\OneDrive\المستندات\liberis\opencv\build\include\opencv2\core\mat.inl.hpp(1442,5): warning C4566: character represented by universal-character-name '\u0627' cannot be represented in the current code page (1252)
C:\Users\wwwyu\OneDrive\المستندات\liberis\opencv\build\include\opencv2\core\mat.inl.hpp(1442,5): warning C4566: character represented by universal-character-name '\u0644' cannot be represented in the current code page (1252)
C:\Users\wwwyu\OneDrive\المستندات\liberis\opencv\build\include\opencv2\core\mat.inl.hpp(1442,5): warning C4566: character represented by universal-character-name '\u0645' cannot be represented in the current code page (1252)
C:\Users\wwwyu\OneDrive\المستندات\liberis\opencv\build\include\opencv2\core\mat.inl.hpp(1442,5): warning C4566: character represented by universal-character-name '\u0633' cannot be represented in the current code page (1252)
C:\Users\wwwyu\OneDrive\المستندات\liberis\opencv\build\include\opencv2\core\mat.inl.hpp(1442,5): warning C4566: character represented by universal-character-name '\u062A' cannot be represented in the current code page (1252)
C:\Users\wwwyu\OneDrive\المستندات\liberis\opencv\build\include\opencv2\core\mat.inl.hpp(1442,5): warning C4566: character represented by universal-character-name '\u0646' cannot be represented in the current code page (1252)
C:\Users\wwwyu\OneDrive\المستندات\liberis\opencv\build\include\opencv2\core\mat.inl.hpp(1442,5): warning C4566: character represented by universal-character-name '\u062F' cannot be represented in the current code page (1252)
C:\Users\wwwyu\OneDrive\المستندات\liberis\opencv\build\include\opencv2\core\mat.inl.hpp(1725,5): warning C4566: character represented by universal-character-name '\u0627' cannot be represented in the current code page (1252)
C:\Users\wwwyu\OneDrive\المستندات\liberis\opencv\build\include\opencv2\core\mat.inl.hpp(1725,5): warning C4566: character represented by universal-character-name '\u0644' cannot be represented in the current code page (1252)
C:\Users\wwwyu\OneDrive\المستندات\liberis\opencv\build\include\opencv2\core\mat.inl.hpp(1725,5): warning C4566: character represented by universal-character-name '\u0645' cannot be represented in the current code page (1252)
C:\Users\wwwyu\OneDrive\المستندات\liberis\opencv\build\include\opencv2\core\mat.inl.hpp(1725,5): warning C4566: character represented by universal-character-name '\u0633' cannot be represented in the current code page (1252)
C:\Users\wwwyu\OneDrive\المستندات\liberis\opencv\build\include\opencv2\core\mat.inl.hpp(1725,5): warning C4566: character represented by universal-character-name '\u062A' cannot be represented in the current code page (1252)
C:\Users\wwwyu\OneDrive\المستندات\liberis\opencv\build\include\opencv2\core\mat.inl.hpp(1725,5): warning C4566: character represented by universal-character-name '\u0646' cannot be represented in the current code page (1252)
C:\Users\wwwyu\OneDrive\المستندات\liberis\opencv\build\include\opencv2\core\mat.inl.hpp(1725,5): warning C4566: character represented by universal-character-name '\u062F' cannot be represented in the current code page (1252)
C:\Users\wwwyu\OneDrive\المستندات\liberis\opencv\build\include\opencv2\core\mat.inl.hpp(1738,5): warning C4566: character represented by universal-character-name '\u0627' cannot be represented in the current code page (1252)
C:\Users\wwwyu\OneDrive\المستندات\liberis\opencv\build\include\opencv2\core\mat.inl.hpp(1738,5): warning C4566: character represented by universal-character-name '\u0644' cannot be represented in the current code page (1252)
C:\Users\wwwyu\OneDrive\المستندات\liberis\opencv\build\include\opencv2\core\mat.inl.hpp(1738,5): warning C4566: character represented by universal-character-name '\u0645' cannot be represented in the current code page (1252)
C:\Users\wwwyu\OneDrive\المستندات\liberis\opencv\build\include\opencv2\core\mat.inl.hpp(1738,5): warning C4566: character represented by universal-character-name '\u0633' cannot be represented in the current code page (1252)
C:\Users\wwwyu\OneDrive\المستندات\liberis\opencv\build\include\opencv2\core\mat.inl.hpp(1738,5): warning C4566: character represented by universal-character-name '\u062A' cannot be represented in the current code page (1252)
C:\Users\wwwyu\OneDrive\المستندات\liberis\opencv\build\include\opencv2\core\mat.inl.hpp(1738,5): warning C4566: character represented by universal-character-name '\u0646' cannot be represented in the current code page (1252)
C:\Users\wwwyu\OneDrive\المستندات\liberis\opencv\build\include\opencv2\core\mat.inl.hpp(1738,5): warning C4566: character represented by universal-character-name '\u062F' cannot be represented in the current code page (1252)
C:\Users\wwwyu\OneDrive\المستندات\liberis\opencv\build\include\opencv2\core\mat.inl.hpp(2277,9): warning C4566: character represented by universal-character-name '\u0627' cannot be represented in the current code page (1252)
C:\Users\wwwyu\OneDrive\المستندات\liberis\opencv\build\include\opencv2\core\mat.inl.hpp(2277,9): warning C4566: character represented by universal-character-name '\u0644' cannot be represented in the current code page (1252)
C:\Users\wwwyu\OneDrive\المستندات\liberis\opencv\build\include\opencv2\core\mat.inl.hpp(2277,9): warning C4566: character represented by universal-character-name '\u0645' cannot be represented in the current code page (1252)
C:\Users\wwwyu\OneDrive\المستندات\liberis\opencv\build\include\opencv2\core\mat.inl.hpp(2277,9): warning C4566: character represented by universal-character-name '\u0633' cannot be represented in the current code page (1252)
C:\Users\wwwyu\OneDrive\المستندات\liberis\opencv\build\include\opencv2\core\mat.inl.hpp(2277,9): warning C4566: character represented by universal-character-name '\u062A' cannot be represented in the current code page (1252)
C:\Users\wwwyu\OneDrive\المستندات\liberis\opencv\build\include\opencv2\core\mat.inl.hpp(2277,9): warning C4566: character represented by universal-character-name '\u0646' cannot be represented in the current code page (1252)
C:\Users\wwwyu\OneDrive\المستندات\liberis\opencv\build\include\opencv2\core\mat.inl.hpp(2277,9): warning C4566: character represented by universal-character-name '\u062F' cannot be represented in the current code page (1252)
C:\Users\wwwyu\OneDrive\المستندات\liberis\opencv\build\include\opencv2\core\mat.inl.hpp(2288,5): warning C4566: character represented by universal-character-name '\u0627' cannot be represented in the current code page (1252)
C:\Users\wwwyu\OneDrive\المستندات\liberis\opencv\build\include\opencv2\core\mat.inl.hpp(2288,5): warning C4566: character represented by universal-character-name '\u0644' cannot be represented in the current code page (1252)
C:\Users\wwwyu\OneDrive\المستندات\liberis\opencv\build\include\opencv2\core\mat.inl.hpp(2288,5): warning C4566: character represented by universal-character-name '\u0645' cannot be represented in the current code page (1252)
C:\Users\wwwyu\OneDrive\المستندات\liberis\opencv\build\include\opencv2\core\mat.inl.hpp(2288,5): warning C4566: character represented by universal-character-name '\u0633' cannot be represented in the current code page (1252)
C:\Users\wwwyu\OneDrive\المستندات\liberis\opencv\build\include\opencv2\core\mat.inl.hpp(2288,5): warning C4566: character represented by universal-character-name '\u062A' cannot be represented in the current code page (1252)
C:\Users\wwwyu\OneDrive\المستندات\liberis\opencv\build\include\opencv2\core\mat.inl.hpp(2288,5): warning C4566: character represented by universal-character-name '\u0646' cannot be represented in the current code page (1252)
C:\Users\wwwyu\OneDrive\المستندات\liberis\opencv\build\include\opencv2\core\mat.inl.hpp(2288,5): warning C4566: character represented by universal-character-name '\u062F' cannot be represented in the current code page (1252)
C:\Users\wwwyu\OneDrive\المستندات\liberis\opencv\build\include\opencv2\core\mat.inl.hpp(2291,9): warning C4566: character represented by universal-character-name '\u0627' cannot be represented in the current code page (1252)
C:\Users\wwwyu\OneDrive\المستندات\liberis\opencv\build\include\opencv2\core\mat.inl.hpp(2291,9): warning C4566: character represented by universal-character-name '\u0644' cannot be represented in the current code page (1252)
C:\Users\wwwyu\OneDrive\المستندات\liberis\opencv\build\include\opencv2\core\mat.inl.hpp(2291,9): warning C4566: character represented by universal-character-name '\u0645' cannot be represented in the current code page (1252)
C:\Users\wwwyu\OneDrive\المستندات\liberis\opencv\build\include\opencv2\core\mat.inl.hpp(2291,9): warning C4566: character represented by universal-character-name '\u0633' cannot be represented in the current code page (1252)
C:\Users\wwwyu\OneDrive\المستندات\liberis\opencv\build\include\opencv2\core\mat.inl.hpp(2291,9): warning C4566: character represented by universal-character-name '\u062A' cannot be represented in the current code page (1252)
C:\Users\wwwyu\OneDrive\المستندات\liberis\opencv\build\include\opencv2\core\mat.inl.hpp(2291,9): warning C4566: character represented by universal-character-name '\u0646' cannot be represented in the current code page (1252)
C:\Users\wwwyu\OneDrive\المستندات\liberis\opencv\build\include\opencv2\core\mat.inl.hpp(2291,9): warning C4566: character represented by universal-character-name '\u062F' cannot be represented in the current code page (1252)
C:\Users\wwwyu\OneDrive\المستندات\liberis\opencv\build\include\opencv2\core\mat.inl.hpp(2303,5): warning C4566: character represented by universal-character-name '\u0627' cannot be represented in the current code page (1252)
C:\Users\wwwyu\OneDrive\المستندات\liberis\opencv\build\include\opencv2\core\mat.inl.hpp(2303,5): warning C4566: character represented by universal-character-name '\u0644' cannot be represented in the current code page (1252)
C:\Users\wwwyu\OneDrive\المستندات\liberis\opencv\build\include\opencv2\core\mat.inl.hpp(2303,5): warning C4566: character represented by universal-character-name '\u0645' cannot be represented in the current code page (1252)
C:\Users\wwwyu\OneDrive\المستندات\liberis\opencv\build\include\opencv2\core\mat.inl.hpp(2303,5): warning C4566: character represented by universal-character-name '\u0633' cannot be represented in the current code page (1252)
C:\Users\wwwyu\OneDrive\المستندات\liberis\opencv\build\include\opencv2\core\mat.inl.hpp(2303,5): warning C4566: character represented by universal-character-name '\u062A' cannot be represented in the current code page (1252)
C:\Users\wwwyu\OneDrive\المستندات\liberis\opencv\build\include\opencv2\core\mat.inl.hpp(2303,5): warning C4566: character represented by universal-character-name '\u0646' cannot be represented in the current code page (1252)
C:\Users\wwwyu\OneDrive\المستندات\liberis\opencv\build\include\opencv2\core\mat.inl.hpp(2303,5): warning C4566: character represented by universal-character-name '\u062F' cannot be represented in the current code page (1252)
C:\Users\wwwyu\OneDrive\المستندات\liberis\opencv\build\include\opencv2\core\mat.inl.hpp(2306,9): warning C4566: character represented by universal-character-name '\u0627' cannot be represented in the current code page (1252)
C:\Users\wwwyu\OneDrive\المستندات\liberis\opencv\build\include\opencv2\core\mat.inl.hpp(2306,9): warning C4566: character represented by universal-character-name '\u0644' cannot be represented in the current code page (1252)
C:\Users\wwwyu\OneDrive\المستندات\liberis\opencv\build\include\opencv2\core\mat.inl.hpp(2306,9): warning C4566: character represented by universal-character-name '\u0645' cannot be represented in the current code page (1252)
C:\Users\wwwyu\OneDrive\المستندات\liberis\opencv\build\include\opencv2\core\mat.inl.hpp(2306,9): warning C4566: character represented by universal-character-name '\u0633' cannot be represented in the current code page (1252)
C:\Users\wwwyu\OneDrive\المستندات\liberis\opencv\build\include\opencv2\core\mat.inl.hpp(2306,9): warning C4566: character represented by universal-character-name '\u062A' cannot be represented in the current code page (1252)
C:\Users\wwwyu\OneDrive\المستندات\liberis\opencv\build\include\opencv2\core\mat.inl.hpp(2306,9): warning C4566: character represented by universal-character-name '\u0646' cannot be represented in the current code page (1252)
C:\Users\wwwyu\OneDrive\المستندات\liberis\opencv\build\include\opencv2\core\mat.inl.hpp(2306,9): warning C4566: character represented by universal-character-name '\u062F' cannot be represented in the current code page (1252)
C:\Users\wwwyu\OneDrive\المستندات\liberis\opencv\build\include\opencv2\core\mat.inl.hpp(2881,5): warning C4566: character represented by universal-character-name '\u0627' cannot be represented in the current code page (1252)
C:\Users\wwwyu\OneDrive\المستندات\liberis\opencv\build\include\opencv2\core\mat.inl.hpp(2881,5): warning C4566: character represented by universal-character-name '\u0644' cannot be represented in the current code page (1252)
C:\Users\wwwyu\OneDrive\المستندات\liberis\opencv\build\include\opencv2\core\mat.inl.hpp(2881,5): warning C4566: character represented by universal-character-name '\u0645' cannot be represented in the current code page (1252)
C:\Users\wwwyu\OneDrive\المستندات\liberis\opencv\build\include\opencv2\core\mat.inl.hpp(2881,5): warning C4566: character represented by universal-character-name '\u0633' cannot be represented in the current code page (1252)
C:\Users\wwwyu\OneDrive\المستندات\liberis\opencv\build\include\opencv2\core\mat.inl.hpp(2881,5): warning C4566: character represented by universal-character-name '\u062A' cannot be represented in the current code page (1252)
C:\Users\wwwyu\OneDrive\المستندات\liberis\opencv\build\include\opencv2\core\mat.inl.hpp(2881,5): warning C4566: character represented by universal-character-name '\u0646' cannot be represented in the current code page (1252)
C:\Users\wwwyu\OneDrive\المستندات\liberis\opencv\build\include\opencv2\core\mat.inl.hpp(2881,5): warning C4566: character represented by universal-character-name '\u062F' cannot be represented in the current code page (1252)
C:\Users\wwwyu\OneDrive\المستندات\liberis\opencv\build\include\opencv2\core\mat.inl.hpp(3259,9): warning C4566: character represented by universal-character-name '\u0627' cannot be represented in the current code page (1252)
C:\Users\wwwyu\OneDrive\المستندات\liberis\opencv\build\include\opencv2\core\mat.inl.hpp(3259,9): warning C4566: character represented by universal-character-name '\u0644' cannot be represented in the current code page (1252)
C:\Users\wwwyu\OneDrive\المستندات\liberis\opencv\build\include\opencv2\core\mat.inl.hpp(3259,9): warning C4566: character represented by universal-character-name '\u0645' cannot be represented in the current code page (1252)
C:\Users\wwwyu\OneDrive\المستندات\liberis\opencv\build\include\opencv2\core\mat.inl.hpp(3259,9): warning C4566: character represented by universal-character-name '\u0633' cannot be represented in the current code page (1252)
C:\Users\wwwyu\OneDrive\المستندات\liberis\opencv\build\include\opencv2\core\mat.inl.hpp(3259,9): warning C4566: character represented by universal-character-name '\u062A' cannot be represented in the current code page (1252)
C:\Users\wwwyu\OneDrive\المستندات\liberis\opencv\build\include\opencv2\core\mat.inl.hpp(3259,9): warning C4566: character represented by universal-character-name '\u0646' cannot be represented in the current code page (1252)
C:\Users\wwwyu\OneDrive\المستندات\liberis\opencv\build\include\opencv2\core\mat.inl.hpp(3259,9): warning C4566: character represented by universal-character-name '\u062F' cannot be represented in the current code page (1252)
C:\Users\wwwyu\OneDrive\المستندات\liberis\opencv\build\include\opencv2\core\persistence.hpp(871,13): warning C4566: character represented by universal-character-name '\u0627' cannot be represented in the current code page (1252)
C:\Users\wwwyu\OneDrive\المستندات\liberis\opencv\build\include\opencv2\core\persistence.hpp(871,13): warning C4566: character represented by universal-character-name '\u0644' cannot be represented in the current code page (1252)
C:\Users\wwwyu\OneDrive\المستندات\liberis\opencv\build\include\opencv2\core\persistence.hpp(871,13): warning C4566: character represented by universal-character-name '\u0645' cannot be represented in the current code page (1252)
C:\Users\wwwyu\OneDrive\المستندات\liberis\opencv\build\include\opencv2\core\persistence.hpp(871,13): warning C4566: character represented by universal-character-name '\u0633' cannot be represented in the current code page (1252)
C:\Users\wwwyu\OneDrive\المستندات\liberis\opencv\build\include\opencv2\core\persistence.hpp(871,13): warning C4566: character represented by universal-character-name '\u062A' cannot be represented in the current code page (1252)
C:\Users\wwwyu\OneDrive\المستندات\liberis\opencv\build\include\opencv2\core\persistence.hpp(871,13): warning C4566: character represented by universal-character-name '\u0646' cannot be represented in the current code page (1252)
C:\Users\wwwyu\OneDrive\المستندات\liberis\opencv\build\include\opencv2\core\persistence.hpp(871,13): warning C4566: character represented by universal-character-name '\u062F' cannot be represented in the current code page (1252)
C:\Users\wwwyu\OneDrive\المستندات\liberis\opencv\build\include\opencv2\core\persistence.hpp(873,13): warning C4566: character represented by universal-character-name '\u0627' cannot be represented in the current code page (1252)
C:\Users\wwwyu\OneDrive\المستندات\liberis\opencv\build\include\opencv2\core\persistence.hpp(873,13): warning C4566: character represented by universal-character-name '\u0644' cannot be represented in the current code page (1252)
C:\Users\wwwyu\OneDrive\المستندات\liberis\opencv\build\include\opencv2\core\persistence.hpp(873,13): warning C4566: character represented by universal-character-name '\u0645' cannot be represented in the current code page (1252)
C:\Users\wwwyu\OneDrive\المستندات\liberis\opencv\build\include\opencv2\core\persistence.hpp(873,13): warning C4566: character represented by universal-character-name '\u0633' cannot be represented in the current code page (1252)
C:\Users\wwwyu\OneDrive\المستندات\liberis\opencv\build\include\opencv2\core\persistence.hpp(873,13): warning C4566: character represented by universal-character-name '\u062A' cannot be represented in the current code page (1252)
C:\Users\wwwyu\OneDrive\المستندات\liberis\opencv\build\include\opencv2\core\persistence.hpp(873,13): warning C4566: character represented by universal-character-name '\u0646' cannot be represented in the current code page (1252)
C:\Users\wwwyu\OneDrive\المستندات\liberis\opencv\build\include\opencv2\core\persistence.hpp(873,13): warning C4566: character represented by universal-character-name '\u062F' cannot be represented in the current code page (1252)
C:\Users\wwwyu\OneDrive\المستندات\liberis\opencv\build\include\opencv2\core\persistence.hpp(1224,9): warning C4566: character represented by universal-character-name '\u0627' cannot be represented in the current code page (1252)
C:\Users\wwwyu\OneDrive\المستندات\liberis\opencv\build\include\opencv2\core\persistence.hpp(1224,9): warning C4566: character represented by universal-character-name '\u0644' cannot be represented in the current code page (1252)
C:\Users\wwwyu\OneDrive\المستندات\liberis\opencv\build\include\opencv2\core\persistence.hpp(1224,9): warning C4566: character represented by universal-character-name '\u0645' cannot be represented in the current code page (1252)
C:\Users\wwwyu\OneDrive\المستندات\liberis\opencv\build\include\opencv2\core\persistence.hpp(1224,9): warning C4566: character represented by universal-character-name '\u0633' cannot be represented in the current code page (1252)
C:\Users\wwwyu\OneDrive\المستندات\liberis\opencv\build\include\opencv2\core\persistence.hpp(1224,9): warning C4566: character represented by universal-character-name '\u062A' cannot be represented in the current code page (1252)
C:\Users\wwwyu\OneDrive\المستندات\liberis\opencv\build\include\opencv2\core\persistence.hpp(1224,9): warning C4566: character represented by universal-character-name '\u0646' cannot be represented in the current code page (1252)
C:\Users\wwwyu\OneDrive\المستندات\liberis\opencv\build\include\opencv2\core\persistence.hpp(1224,9): warning C4566: character represented by universal-character-name '\u062F' cannot be represented in the current code page (1252)
C:\Users\wwwyu\OneDrive\المستندات\liberis\opencv\build\include\opencv2\core.hpp(3213,9): warning C4566: character represented by universal-character-name '\u0627' cannot be represented in the current code page (1252)
C:\Users\wwwyu\OneDrive\المستندات\liberis\opencv\build\include\opencv2\core.hpp(3213,9): warning C4566: character represented by universal-character-name '\u0644' cannot be represented in the current code page (1252)
C:\Users\wwwyu\OneDrive\المستندات\liberis\opencv\build\include\opencv2\core.hpp(3213,9): warning C4566: character represented by universal-character-name '\u0645' cannot be represented in the current code page (1252)
C:\Users\wwwyu\OneDrive\المستندات\liberis\opencv\build\include\opencv2\core.hpp(3213,9): warning C4566: character represented by universal-character-name '\u0633' cannot be represented in the current code page (1252)
C:\Users\wwwyu\OneDrive\المستندات\liberis\opencv\build\include\opencv2\core.hpp(3213,9): warning C4566: character represented by universal-character-name '\u062A' cannot be represented in the current code page (1252)
C:\Users\wwwyu\OneDrive\المستندات\liberis\opencv\build\include\opencv2\core.hpp(3213,9): warning C4566: character represented by universal-character-name '\u0646' cannot be represented in the current code page (1252)
C:\Users\wwwyu\OneDrive\المستندات\liberis\opencv\build\include\opencv2\core.hpp(3213,9): warning C4566: character represented by universal-character-name '\u062F' cannot be represented in the current code page (1252)
C:\Users\wwwyu\OneDrive\المستندات\liberis\opencv\build\include\opencv2\core\operations.hpp(367,5): warning C4566: character represented by universal-character-name '\u0627' cannot be represented in the current code page (1252)
C:\Users\wwwyu\OneDrive\المستندات\liberis\opencv\build\include\opencv2\core\operations.hpp(367,5): warning C4566: character represented by universal-character-name '\u0644' cannot be represented in the current code page (1252)
C:\Users\wwwyu\OneDrive\المستندات\liberis\opencv\build\include\opencv2\core\operations.hpp(367,5): warning C4566: character represented by universal-character-name '\u0645' cannot be represented in the current code page (1252)
C:\Users\wwwyu\OneDrive\المستندات\liberis\opencv\build\include\opencv2\core\operations.hpp(367,5): warning C4566: character represented by universal-character-name '\u0633' cannot be represented in the current code page (1252)
C:\Users\wwwyu\OneDrive\المستندات\liberis\opencv\build\include\opencv2\core\operations.hpp(367,5): warning C4566: character represented by universal-character-name '\u062A' cannot be represented in the current code page (1252)
C:\Users\wwwyu\OneDrive\المستندات\liberis\opencv\build\include\opencv2\core\operations.hpp(367,5): warning C4566: character represented by universal-character-name '\u0646' cannot be represented in the current code page (1252)
C:\Users\wwwyu\OneDrive\المستندات\liberis\opencv\build\include\opencv2\core\operations.hpp(367,5): warning C4566: character represented by universal-character-name '\u062F' cannot be represented in the current code page (1252)
C:\Users\wwwyu\OneDrive\المستندات\liberis\opencv\build\include\opencv2\core\operations.hpp(376,5): warning C4566: character represented by universal-character-name '\u0627' cannot be represented in the current code page (1252)
C:\Users\wwwyu\OneDrive\المستندات\liberis\opencv\build\include\opencv2\core\operations.hpp(376,5): warning C4566: character represented by universal-character-name '\u0644' cannot be represented in the current code page (1252)
C:\Users\wwwyu\OneDrive\المستندات\liberis\opencv\build\include\opencv2\core\operations.hpp(376,5): warning C4566: character represented by universal-character-name '\u0645' cannot be represented in the current code page (1252)
C:\Users\wwwyu\OneDrive\المستندات\liberis\opencv\build\include\opencv2\core\operations.hpp(376,5): warning C4566: character represented by universal-character-name '\u0633' cannot be represented in the current code page (1252)
C:\Users\wwwyu\OneDrive\المستندات\liberis\opencv\build\include\opencv2\core\operations.hpp(376,5): warning C4566: character represented by universal-character-name '\u062A' cannot be represented in the current code page (1252)
C:\Users\wwwyu\OneDrive\المستندات\liberis\opencv\build\include\opencv2\core\operations.hpp(376,5): warning C4566: character represented by universal-character-name '\u0646' cannot be represented in the current code page (1252)
C:\Users\wwwyu\OneDrive\المستندات\liberis\opencv\build\include\opencv2\core\operations.hpp(376,5): warning C4566: character represented by universal-character-name '\u062F' cannot be represented in the current code page (1252)
C:\Users\wwwyu\OneDrive\المستندات\liberis\opencv\build\include\opencv2\core\operations.hpp(387,5): warning C4566: character represented by universal-character-name '\u0627' cannot be represented in the current code page (1252)
C:\Users\wwwyu\OneDrive\المستندات\liberis\opencv\build\include\opencv2\core\operations.hpp(387,5): warning C4566: character represented by universal-character-name '\u0644' cannot be represented in the current code page (1252)
C:\Users\wwwyu\OneDrive\المستندات\liberis\opencv\build\include\opencv2\core\operations.hpp(387,5): warning C4566: character represented by universal-character-name '\u0645' cannot be represented in the current code page (1252)
C:\Users\wwwyu\OneDrive\المستندات\liberis\opencv\build\include\opencv2\core\operations.hpp(387,5): warning C4566: character represented by universal-character-name '\u0633' cannot be represented in the current code page (1252)
C:\Users\wwwyu\OneDrive\المستندات\liberis\opencv\build\include\opencv2\core\operations.hpp(387,5): warning C4566: character represented by universal-character-name '\u062A' cannot be represented in the current code page (1252)
C:\Users\wwwyu\OneDrive\المستندات\liberis\opencv\build\include\opencv2\core\operations.hpp(387,5): warning C4566: character represented by universal-character-name '\u0646' cannot be represented in the current code page (1252)
C:\Users\wwwyu\OneDrive\المستندات\liberis\opencv\build\include\opencv2\core\operations.hpp(387,5): warning C4566: character represented by universal-character-name '\u062F' cannot be represented in the current code page (1252)
C:\Users\wwwyu\OneDrive\المستندات\liberis\opencv\build\include\opencv2\core\operations.hpp(570,17): warning C4566: character represented by universal-character-name '\u0627' cannot be represented in the current code page (1252)
C:\Users\wwwyu\OneDrive\المستندات\liberis\opencv\build\include\opencv2\core\operations.hpp(570,17): warning C4566: character represented by universal-character-name '\u0644' cannot be represented in the current code page (1252)
C:\Users\wwwyu\OneDrive\المستندات\liberis\opencv\build\include\opencv2\core\operations.hpp(570,17): warning C4566: character represented by universal-character-name '\u0645' cannot be represented in the current code page (1252)
C:\Users\wwwyu\OneDrive\المستندات\liberis\opencv\build\include\opencv2\core\operations.hpp(570,17): warning C4566: character represented by universal-character-name '\u0633' cannot be represented in the current code page (1252)
C:\Users\wwwyu\OneDrive\المستندات\liberis\opencv\build\include\opencv2\core\operations.hpp(570,17): warning C4566: character represented by universal-character-name '\u062A' cannot be represented in the current code page (1252)
C:\Users\wwwyu\OneDrive\المستندات\liberis\opencv\build\include\opencv2\core\operations.hpp(570,17): warning C4566: character represented by universal-character-name '\u0646' cannot be represented in the current code page (1252)
C:\Users\wwwyu\OneDrive\المستندات\liberis\opencv\build\include\opencv2\core\operations.hpp(570,17): warning C4566: character represented by universal-character-name '\u062F' cannot be represented in the current code page (1252)
C:\Users\wwwyu\OneDrive\المستندات\liberis\opencv\build\include\opencv2\core\utility.hpp(627,5): warning C4566: character represented by universal-character-name '\u0627' cannot be represented in the current code page (1252)
C:\Users\wwwyu\OneDrive\المستندات\liberis\opencv\build\include\opencv2\core\utility.hpp(627,5): warning C4566: character represented by universal-character-name '\u0644' cannot be represented in the current code page (1252)
C:\Users\wwwyu\OneDrive\المستندات\liberis\opencv\build\include\opencv2\core\utility.hpp(627,5): warning C4566: character represented by universal-character-name '\u0645' cannot be represented in the current code page (1252)
C:\Users\wwwyu\OneDrive\المستندات\liberis\opencv\build\include\opencv2\core\utility.hpp(627,5): warning C4566: character represented by universal-character-name '\u0633' cannot be represented in the current code page (1252)
C:\Users\wwwyu\OneDrive\المستندات\liberis\opencv\build\include\opencv2\core\utility.hpp(627,5): warning C4566: character represented by universal-character-name '\u062A' cannot be represented in the current code page (1252)
C:\Users\wwwyu\OneDrive\المستندات\liberis\opencv\build\include\opencv2\core\utility.hpp(627,5): warning C4566: character represented by universal-character-name '\u0646' cannot be represented in the current code page (1252)
C:\Users\wwwyu\OneDrive\المستندات\liberis\opencv\build\include\opencv2\core\utility.hpp(627,5): warning C4566: character represented by universal-character-name '\u062F' cannot be represented in the current code page (1252)
C:\Users\wwwyu\OneDrive\المستندات\liberis\opencv\build\include\opencv2\core\utility.hpp(628,5): warning C4566: character represented by universal-character-name '\u0627' cannot be represented in the current code page (1252)
C:\Users\wwwyu\OneDrive\المستندات\liberis\opencv\build\include\opencv2\core\utility.hpp(628,5): warning C4566: character represented by universal-character-name '\u0644' cannot be represented in the current code page (1252)
C:\Users\wwwyu\OneDrive\المستندات\liberis\opencv\build\include\opencv2\core\utility.hpp(628,5): warning C4566: character represented by universal-character-name '\u0645' cannot be represented in the current code page (1252)
C:\Users\wwwyu\OneDrive\المستندات\liberis\opencv\build\include\opencv2\core\utility.hpp(628,5): warning C4566: character represented by universal-character-name '\u0633' cannot be represented in the current code page (1252)
C:\Users\wwwyu\OneDrive\المستندات\liberis\opencv\build\include\opencv2\core\utility.hpp(628,5): warning C4566: character represented by universal-character-name '\u062A' cannot be represented in the current code page (1252)
C:\Users\wwwyu\OneDrive\المستندات\liberis\opencv\build\include\opencv2\core\utility.hpp(628,5): warning C4566: character represented by universal-character-name '\u0646' cannot be represented in the current code page (1252)
C:\Users\wwwyu\OneDrive\المستندات\liberis\opencv\build\include\opencv2\core\utility.hpp(628,5): warning C4566: character represented by universal-character-name '\u062F' cannot be represented in the current code page (1252)
C:\Users\wwwyu\OneDrive\المستندات\liberis\opencv\build\include\opencv2\core\utility.hpp(705,13): warning C4566: character represented by universal-character-name '\u0627' cannot be represented in the current code page (1252)
C:\Users\wwwyu\OneDrive\المستندات\liberis\opencv\build\include\opencv2\core\utility.hpp(705,13): warning C4566: character represented by universal-character-name '\u0644' cannot be represented in the current code page (1252)
C:\Users\wwwyu\OneDrive\المستندات\liberis\opencv\build\include\opencv2\core\utility.hpp(705,13): warning C4566: character represented by universal-character-name '\u0645' cannot be represented in the current code page (1252)
C:\Users\wwwyu\OneDrive\المستندات\liberis\opencv\build\include\opencv2\core\utility.hpp(705,13): warning C4566: character represented by universal-character-name '\u0633' cannot be represented in the current code page (1252)
C:\Users\wwwyu\OneDrive\المستندات\liberis\opencv\build\include\opencv2\core\utility.hpp(705,13): warning C4566: character represented by universal-character-name '\u062A' cannot be represented in the current code page (1252)
C:\Users\wwwyu\OneDrive\المستندات\liberis\opencv\build\include\opencv2\core\utility.hpp(705,13): warning C4566: character represented by universal-character-name '\u0646' cannot be represented in the current code page (1252)
C:\Users\wwwyu\OneDrive\المستندات\liberis\opencv\build\include\opencv2\core\utility.hpp(705,13): warning C4566: character represented by universal-character-name '\u062F' cannot be represented in the current code page (1252)
C:\Users\wwwyu\OneDrive\المستندات\liberis\opencv\build\include\opencv2\core\utility.hpp(1119,9): warning C4566: character represented by universal-character-name '\u0627' cannot be represented in the current code page (1252)
C:\Users\wwwyu\OneDrive\المستندات\liberis\opencv\build\include\opencv2\core\utility.hpp(1119,9): warning C4566: character represented by universal-character-name '\u0644' cannot be represented in the current code page (1252)
C:\Users\wwwyu\OneDrive\المستندات\liberis\opencv\build\include\opencv2\core\utility.hpp(1119,9): warning C4566: character represented by universal-character-name '\u0645' cannot be represented in the current code page (1252)
C:\Users\wwwyu\OneDrive\المستندات\liberis\opencv\build\include\opencv2\core\utility.hpp(1119,9): warning C4566: character represented by universal-character-name '\u0633' cannot be represented in the current code page (1252)
C:\Users\wwwyu\OneDrive\المستندات\liberis\opencv\build\include\opencv2\core\utility.hpp(1119,9): warning C4566: character represented by universal-character-name '\u062A' cannot be represented in the current code page (1252)
C:\Users\wwwyu\OneDrive\المستندات\liberis\opencv\build\include\opencv2\core\utility.hpp(1119,9): warning C4566: character represented by universal-character-name '\u0646' cannot be represented in the current code page (1252)
C:\Users\wwwyu\OneDrive\المستندات\liberis\opencv\build\include\opencv2\core\utility.hpp(1119,9): warning C4566: character represented by universal-character-name '\u062F' cannot be represented in the current code page (1252)
D:\Master\Görüntü işleme\ödev-1\Odev1Project1\Odev1Project1\main.cpp(80,36): warning C4244: '=': conversion from 'float' to 'int', possible loss of data
D:\Master\Görüntü işleme\ödev-1\Odev1Project1\Odev1Project1\main.cpp(81,36): warning C4244: '=': conversion from 'float' to 'int', possible loss of data
D:\Master\Görüntü işleme\ödev-1\Odev1Project1\Odev1Project1\main.cpp(82,36): warning C4244: '=': conversion from 'float' to 'int', possible loss of data
  Generating code
  Previous IPDB and IOBJ mismatch, fall back to full compilation.
  All 95 functions were compiled because no usable IPDB/IOBJ from previous compilation was found.
  Finished generating code
  Odev1Project1.vcxproj -> D:\Master\Görüntü işleme\ödev-1\Odev1Project1\x64\Release\Odev1Project1.exe
